Determining if the pthread_create exist failed with the following output:
Change Dir: /home/sj/sjSlam/ch6/ceres_curve_fitting/build/CMakeFiles/CMakeTmp

Run Build Command:"/usr/bin/make" "cmTC_b067b/fast"
make[1]: Entering directory '/home/sj/sjSlam/ch6/ceres_curve_fitting/build/CMakeFiles/CMakeTmp'
/usr/bin/make -f CMakeFiles/cmTC_b067b.dir/build.make CMakeFiles/cmTC_b067b.dir/build
make[2]: Entering directory '/home/sj/sjSlam/ch6/ceres_curve_fitting/build/CMakeFiles/CMakeTmp'
Building C object CMakeFiles/cmTC_b067b.dir/CheckSymbolExists.c.o
/usr/bin/cc    -fPIC    -o CMakeFiles/cmTC_b067b.dir/CheckSymbolExists.c.o   -c /home/sj/sjSlam/ch6/ceres_curve_fitting/build/CMakeFiles/CMakeTmp/CheckSymbolExists.c
Linking C executable cmTC_b067b
/usr/bin/cmake -E cmake_link_script CMakeFiles/cmTC_b067b.dir/link.txt --verbose=1
/usr/bin/cc  -fPIC     CMakeFiles/cmTC_b067b.dir/CheckSymbolExists.c.o  -o cmTC_b067b -rdynamic 
CMakeFiles/cmTC_b067b.dir/CheckSymbolExists.c.o: In function `main':
CheckSymbolExists.c:(.text+0x1b): undefined reference to `pthread_create'
collect2: error: ld returned 1 exit status
CMakeFiles/cmTC_b067b.dir/build.make:97: recipe for target 'cmTC_b067b' failed
make[2]: *** [cmTC_b067b] Error 1
make[2]: Leaving directory '/home/sj/sjSlam/ch6/ceres_curve_fitting/build/CMakeFiles/CMakeTmp'
Makefile:126: recipe for target 'cmTC_b067b/fast' failed
make[1]: *** [cmTC_b067b/fast] Error 2
make[1]: Leaving directory '/home/sj/sjSlam/ch6/ceres_curve_fitting/build/CMakeFiles/CMakeTmp'

File /home/sj/sjSlam/ch6/ceres_curve_fitting/build/CMakeFiles/CMakeTmp/CheckSymbolExists.c:
/* */
#include <pthread.h>

int main(int argc, char** argv)
{
  (void)argv;
#ifndef pthread_create
  return ((int*)(&pthread_create))[argc];
#else
  (void)argc;
  return 0;
#endif
}

Determining if the function pthread_create exists in the pthreads failed with the following output:
Change Dir: /home/sj/sjSlam/ch6/ceres_curve_fitting/build/CMakeFiles/CMakeTmp

Run Build Command:"/usr/bin/make" "cmTC_965ee/fast"
make[1]: Entering directory '/home/sj/sjSlam/ch6/ceres_curve_fitting/build/CMakeFiles/CMakeTmp'
/usr/bin/make -f CMakeFiles/cmTC_965ee.dir/build.make CMakeFiles/cmTC_965ee.dir/build
make[2]: Entering directory '/home/sj/sjSlam/ch6/ceres_curve_fitting/build/CMakeFiles/CMakeTmp'
Building C object CMakeFiles/cmTC_965ee.dir/CheckFunctionExists.c.o
/usr/bin/cc    -fPIC -DCHECK_FUNCTION_EXISTS=pthread_create   -o CMakeFiles/cmTC_965ee.dir/CheckFunctionExists.c.o   -c /usr/share/cmake-3.5/Modules/CheckFunctionExists.c
Linking C executable cmTC_965ee
/usr/bin/cmake -E cmake_link_script CMakeFiles/cmTC_965ee.dir/link.txt --verbose=1
/usr/bin/cc  -fPIC -DCHECK_FUNCTION_EXISTS=pthread_create    CMakeFiles/cmTC_965ee.dir/CheckFunctionExists.c.o  -o cmTC_965ee -rdynamic -lpthreads 
/usr/bin/ld: cannot find -lpthreads
collect2: error: ld returned 1 exit status
CMakeFiles/cmTC_965ee.dir/build.make:97: recipe for target 'cmTC_965ee' failed
make[2]: *** [cmTC_965ee] Error 1
make[2]: Leaving directory '/home/sj/sjSlam/ch6/ceres_curve_fitting/build/CMakeFiles/CMakeTmp'
Makefile:126: recipe for target 'cmTC_965ee/fast' failed
make[1]: *** [cmTC_965ee/fast] Error 2
make[1]: Leaving directory '/home/sj/sjSlam/ch6/ceres_curve_fitting/build/CMakeFiles/CMakeTmp'


